<?xml version="1.0" encoding="UTF-8"?>
<testng-results ignored="0" total="2" passed="1" failed="1" skipped="0">
  <reporter-output>
  </reporter-output>
  <suite started-at="2021-04-29T12:45:38Z" name="Suite" finished-at="2021-04-29T12:46:14Z" duration-ms="35493">
    <groups>
    </groups>
    <test started-at="2021-04-29T12:45:38Z" name="Test1" finished-at="2021-04-29T12:46:04Z" duration-ms="25491">
      <class name="amazonTests.TestValidatetitle">
        <test-method is-config="true" signature="start()[pri:0, instance:amazonTests.TestValidatetitle@4a9cc6cb]" started-at="2021-04-29T12:45:38Z" name="start" finished-at="2021-04-29T12:46:02Z" duration-ms="24058" status="PASS">
          <reporter-output>
          </reporter-output>
        </test-method> <!-- start -->
        <test-method signature="amazonVerifytitle()[pri:0, instance:amazonTests.TestValidatetitle@4a9cc6cb]" started-at="2021-04-29T12:46:02Z" name="amazonVerifytitle" finished-at="2021-04-29T12:46:02Z" duration-ms="69" status="FAIL">
          <exception class="java.lang.AssertionError">
            <message>
              <![CDATA[expected [Heello] but found [Hello]]]>
            </message>
            <full-stacktrace>
              <![CDATA[java.lang.AssertionError: expected [Heello] but found [Hello]
at org.testng.Assert.fail(Assert.java:96)
at org.testng.Assert.failNotEquals(Assert.java:776)
at org.testng.Assert.assertEqualsImpl(Assert.java:137)
at org.testng.Assert.assertEquals(Assert.java:118)
at org.testng.Assert.assertEquals(Assert.java:453)
at org.testng.Assert.assertEquals(Assert.java:463)
at amazonTests.TestValidatetitle.amazonVerifytitle(TestValidatetitle.java:40)
at java.base/jdk.internal.reflect.NativeMethodAccessorImpl.invoke0(Native Method)
at java.base/jdk.internal.reflect.NativeMethodAccessorImpl.invoke(NativeMethodAccessorImpl.java:64)
at java.base/jdk.internal.reflect.DelegatingMethodAccessorImpl.invoke(DelegatingMethodAccessorImpl.java:43)
at java.base/java.lang.reflect.Method.invoke(Method.java:564)
at org.testng.internal.MethodInvocationHelper.invokeMethod(MethodInvocationHelper.java:124)
at org.testng.internal.Invoker.invokeMethod(Invoker.java:583)
at org.testng.internal.Invoker.invokeTestMethod(Invoker.java:719)
at org.testng.internal.Invoker.invokeTestMethods(Invoker.java:989)
at org.testng.internal.TestMethodWorker.invokeTestMethods(TestMethodWorker.java:125)
at org.testng.internal.TestMethodWorker.run(TestMethodWorker.java:109)
at org.testng.TestRunner.privateRun(TestRunner.java:648)
at org.testng.TestRunner.run(TestRunner.java:505)
at org.testng.SuiteRunner.runTest(SuiteRunner.java:455)
at org.testng.SuiteRunner.access$000(SuiteRunner.java:40)
at org.testng.SuiteRunner$SuiteWorker.run(SuiteRunner.java:489)
at org.testng.internal.thread.ThreadUtil$1.call(ThreadUtil.java:52)
at java.base/java.util.concurrent.FutureTask.run(FutureTask.java:264)
at java.base/java.util.concurrent.ThreadPoolExecutor.runWorker(ThreadPoolExecutor.java:1130)
at java.base/java.util.concurrent.ThreadPoolExecutor$Worker.run(ThreadPoolExecutor.java:630)
at java.base/java.lang.Thread.run(Thread.java:832)
]]>
            </full-stacktrace>
          </exception> <!-- java.lang.AssertionError -->
          <reporter-output>
          </reporter-output>
        </test-method> <!-- amazonVerifytitle -->
        <test-method is-config="true" signature="tearDown()[pri:0, instance:amazonTests.TestValidatetitle@4a9cc6cb]" started-at="2021-04-29T12:46:03Z" name="tearDown" finished-at="2021-04-29T12:46:04Z" duration-ms="209" status="PASS">
          <reporter-output>
          </reporter-output>
        </test-method> <!-- tearDown -->
      </class> <!-- amazonTests.TestValidatetitle -->
    </test> <!-- Test1 -->
    <test started-at="2021-04-29T12:45:38Z" name="Test2" finished-at="2021-04-29T12:46:14Z" duration-ms="35493">
      <class name="amazonTests.TestHomepage">
        <test-method is-config="true" signature="start()[pri:0, instance:amazonTests.TestHomepage@2f2bf0e2]" started-at="2021-04-29T12:45:38Z" name="start" finished-at="2021-04-29T12:46:01Z" duration-ms="22385" status="PASS">
          <reporter-output>
          </reporter-output>
        </test-method> <!-- start -->
        <test-method signature="amazonLogin(java.lang.String, java.lang.String)[pri:0, instance:amazonTests.TestHomepage@2f2bf0e2]" started-at="2021-04-29T12:46:01Z" name="amazonLogin" data-provider="getData" finished-at="2021-04-29T12:46:13Z" duration-ms="12752" status="PASS">
          <params>
            <param index="0">
              <value>
                <![CDATA[9599198075]]>
              </value>
            </param>
            <param index="1">
              <value>
                <![CDATA[Shrey@9386]]>
              </value>
            </param>
          </params>
          <reporter-output>
          </reporter-output>
        </test-method> <!-- amazonLogin -->
        <test-method is-config="true" signature="tearDown()[pri:0, instance:amazonTests.TestHomepage@2f2bf0e2]" started-at="2021-04-29T12:46:13Z" name="tearDown" finished-at="2021-04-29T12:46:14Z" duration-ms="287" status="PASS">
          <reporter-output>
          </reporter-output>
        </test-method> <!-- tearDown -->
      </class> <!-- amazonTests.TestHomepage -->
    </test> <!-- Test2 -->
  </suite> <!-- Suite -->
</testng-results>
